<?xml version="1.0" encoding="UTF-8"?>
<!-- Generated by org.testng.reporters.JUnitReportReporter -->
<testsuite skipped="0" hostname="MacBook-Pro-de-Diego.local" name="org.lordofthejars.games.game.testIT" tests="1" failures="0" timestamp="2019-03-28T19:19:52 CET" time="0.007" errors="0">
  <testcase name="shouldAnswerWithTrue" time="0.007" classname="org.lordofthejars.games.game.testIT"/>
</testsuite> <!-- org.lordofthejars.games.game.testIT -->
